2024-04-30 22:59:50,284 INFO o.s.b.StartupInfoLogger [main] Starting JournalingServiceApplication using Java 17.0.10 with PID 6668 (/home/prince03102020/projects/26042024/JournalingService/target/classes started by prince03102020 in /home/prince03102020/projects/26042024/JournalingService)
2024-04-30 22:59:50,294 INFO o.s.b.SpringApplication [main] No active profile set, falling back to 1 default profile: "default"
2024-04-30 22:59:50,831 INFO o.s.d.r.c.RepositoryConfigurationDelegate [main] Multiple Spring Data modules found, entering strict repository configuration mode
2024-04-30 22:59:50,833 INFO o.s.d.r.c.RepositoryConfigurationDelegate [main] Bootstrapping Spring Data Redis repositories in DEFAULT mode.
2024-04-30 22:59:50,928 INFO o.s.d.r.c.RepositoryConfigurationDelegate [main] Finished Spring Data repository scanning in 82 ms. Found 1 Redis repository interface.
2024-04-30 22:59:51,285 INFO o.s.b.w.e.t.TomcatWebServer [main] Tomcat initialized with port 9890 (http)
2024-04-30 22:59:51,295 INFO o.a.j.l.DirectJDKLog [main] Initializing ProtocolHandler ["http-nio-9890"]
2024-04-30 22:59:51,297 INFO o.a.j.l.DirectJDKLog [main] Starting service [Tomcat]
2024-04-30 22:59:51,305 INFO o.a.j.l.DirectJDKLog [main] Starting Servlet engine: [Apache Tomcat/10.1.20]
2024-04-30 22:59:51,350 INFO o.a.j.l.DirectJDKLog [main] Initializing Spring embedded WebApplicationContext
2024-04-30 22:59:51,352 INFO o.s.b.w.s.c.ServletWebServerApplicationContext [main] Root WebApplicationContext: initialization completed in 1022 ms
2024-04-30 22:59:51,679 INFO c.a.J.s.KafkaConsumerService [main] Entering consumeJournalEntries
2024-04-30 22:59:51,695 INFO o.a.k.c.c.AbstractConfig [main] ConsumerConfig values: 
	allow.auto.create.topics = true
	auto.commit.interval.ms = 5000
	auto.include.jmx.reporter = true
	auto.offset.reset = latest
	bootstrap.servers = [localhost:9092]
	check.crcs = true
	client.dns.lookup = use_all_dns_ips
	client.id = consumer-journal-group-1
	client.rack = 
	connections.max.idle.ms = 540000
	default.api.timeout.ms = 60000
	enable.auto.commit = true
	exclude.internal.topics = true
	fetch.max.bytes = 52428800
	fetch.max.wait.ms = 500
	fetch.min.bytes = 1
	group.id = journal-group
	group.instance.id = null
	heartbeat.interval.ms = 3000
	interceptor.classes = []
	internal.leave.group.on.close = true
	internal.throw.on.fetch.stable.offset.unsupported = false
	isolation.level = read_uncommitted
	key.deserializer = class org.apache.kafka.common.serialization.StringDeserializer
	max.partition.fetch.bytes = 1048576
	max.poll.interval.ms = 300000
	max.poll.records = 500
	metadata.max.age.ms = 300000
	metric.reporters = []
	metrics.num.samples = 2
	metrics.recording.level = INFO
	metrics.sample.window.ms = 30000
	partition.assignment.strategy = [class org.apache.kafka.clients.consumer.RangeAssignor, class org.apache.kafka.clients.consumer.CooperativeStickyAssignor]
	receive.buffer.bytes = 65536
	reconnect.backoff.max.ms = 1000
	reconnect.backoff.ms = 50
	request.timeout.ms = 30000
	retry.backoff.ms = 100
	sasl.client.callback.handler.class = null
	sasl.jaas.config = null
	sasl.kerberos.kinit.cmd = /usr/bin/kinit
	sasl.kerberos.min.time.before.relogin = 60000
	sasl.kerberos.service.name = null
	sasl.kerberos.ticket.renew.jitter = 0.05
	sasl.kerberos.ticket.renew.window.factor = 0.8
	sasl.login.callback.handler.class = null
	sasl.login.class = null
	sasl.login.connect.timeout.ms = null
	sasl.login.read.timeout.ms = null
	sasl.login.refresh.buffer.seconds = 300
	sasl.login.refresh.min.period.seconds = 60
	sasl.login.refresh.window.factor = 0.8
	sasl.login.refresh.window.jitter = 0.05
	sasl.login.retry.backoff.max.ms = 10000
	sasl.login.retry.backoff.ms = 100
	sasl.mechanism = GSSAPI
	sasl.oauthbearer.clock.skew.seconds = 30
	sasl.oauthbearer.expected.audience = null
	sasl.oauthbearer.expected.issuer = null
	sasl.oauthbearer.jwks.endpoint.refresh.ms = 3600000
	sasl.oauthbearer.jwks.endpoint.retry.backoff.max.ms = 10000
	sasl.oauthbearer.jwks.endpoint.retry.backoff.ms = 100
	sasl.oauthbearer.jwks.endpoint.url = null
	sasl.oauthbearer.scope.claim.name = scope
	sasl.oauthbearer.sub.claim.name = sub
	sasl.oauthbearer.token.endpoint.url = null
	security.protocol = PLAINTEXT
	security.providers = null
	send.buffer.bytes = 131072
	session.timeout.ms = 45000
	socket.connection.setup.timeout.max.ms = 30000
	socket.connection.setup.timeout.ms = 10000
	ssl.cipher.suites = null
	ssl.enabled.protocols = [TLSv1.2, TLSv1.3]
	ssl.endpoint.identification.algorithm = https
	ssl.engine.factory.class = null
	ssl.key.password = null
	ssl.keymanager.algorithm = SunX509
	ssl.keystore.certificate.chain = null
	ssl.keystore.key = null
	ssl.keystore.location = null
	ssl.keystore.password = null
	ssl.keystore.type = JKS
	ssl.protocol = TLSv1.3
	ssl.provider = null
	ssl.secure.random.implementation = null
	ssl.trustmanager.algorithm = PKIX
	ssl.truststore.certificates = null
	ssl.truststore.location = null
	ssl.truststore.password = null
	ssl.truststore.type = JKS
	value.deserializer = class org.apache.kafka.common.serialization.StringDeserializer

2024-04-30 22:59:51,755 INFO o.a.k.c.u.AppInfoParser$AppInfo [main] Kafka version: 3.6.2
2024-04-30 22:59:51,755 INFO o.a.k.c.u.AppInfoParser$AppInfo [main] Kafka commitId: c4deed513057c94e
2024-04-30 22:59:51,756 INFO o.a.k.c.u.AppInfoParser$AppInfo [main] Kafka startTimeMs: 1714498191753
2024-04-30 22:59:51,759 INFO o.a.k.c.c.KafkaConsumer [main] [Consumer clientId=consumer-journal-group-1, groupId=journal-group] Subscribed to topic(s): user-events
2024-04-30 22:59:51,983 INFO o.a.k.c.Metadata [main] [Consumer clientId=consumer-journal-group-1, groupId=journal-group] Cluster ID: Gg902wkCTxiAnE84y-_jFw
2024-04-30 22:59:51,985 INFO o.a.k.c.c.i.AbstractCoordinator$FindCoordinatorResponseHandler [main] [Consumer clientId=consumer-journal-group-1, groupId=journal-group] Discovered group coordinator Prince03102020.:9092 (id: 2147483647 rack: null)
2024-04-30 22:59:51,995 INFO o.a.k.c.c.i.AbstractCoordinator [main] [Consumer clientId=consumer-journal-group-1, groupId=journal-group] (Re-)joining group
2024-04-30 22:59:52,004 INFO o.a.k.c.c.i.AbstractCoordinator [main] [Consumer clientId=consumer-journal-group-1, groupId=journal-group] Request joining group due to: need to re-join with the given member-id: consumer-journal-group-1-1f64be70-27f3-4598-8400-dd47ad6d542a
2024-04-30 22:59:52,005 INFO o.a.k.c.c.i.AbstractCoordinator [main] [Consumer clientId=consumer-journal-group-1, groupId=journal-group] Request joining group due to: rebalance failed due to 'The group member needs to have a valid member id before actually entering a consumer group.' (MemberIdRequiredException)
2024-04-30 22:59:52,006 INFO o.a.k.c.c.i.AbstractCoordinator [main] [Consumer clientId=consumer-journal-group-1, groupId=journal-group] (Re-)joining group
2024-04-30 23:00:15,695 INFO o.a.k.c.c.i.AbstractCoordinator$JoinGroupResponseHandler [main] [Consumer clientId=consumer-journal-group-1, groupId=journal-group] Successfully joined group with generation Generation{generationId=12, memberId='consumer-journal-group-1-1f64be70-27f3-4598-8400-dd47ad6d542a', protocol='range'}
2024-04-30 23:00:15,709 INFO o.a.k.c.c.i.ConsumerCoordinator [main] [Consumer clientId=consumer-journal-group-1, groupId=journal-group] Finished assignment for group at generation 12: {consumer-journal-group-1-1f64be70-27f3-4598-8400-dd47ad6d542a=Assignment(partitions=[user-events-0])}
2024-04-30 23:00:15,719 INFO o.a.k.c.c.i.AbstractCoordinator$SyncGroupResponseHandler [main] [Consumer clientId=consumer-journal-group-1, groupId=journal-group] Successfully synced group in generation Generation{generationId=12, memberId='consumer-journal-group-1-1f64be70-27f3-4598-8400-dd47ad6d542a', protocol='range'}
2024-04-30 23:00:15,720 INFO o.a.k.c.c.i.ConsumerCoordinator [main] [Consumer clientId=consumer-journal-group-1, groupId=journal-group] Notifying assignor about the new Assignment(partitions=[user-events-0])
2024-04-30 23:00:15,721 INFO o.a.k.c.c.i.ConsumerCoordinator [main] [Consumer clientId=consumer-journal-group-1, groupId=journal-group] Adding newly assigned partitions: user-events-0
2024-04-30 23:00:15,728 INFO o.a.k.c.c.i.ConsumerCoordinator [main] [Consumer clientId=consumer-journal-group-1, groupId=journal-group] Setting offset for partition user-events-0 to the committed offset FetchPosition{offset=59, offsetEpoch=Optional[0], currentLeader=LeaderAndEpoch{leader=Optional[Prince03102020.:9092 (id: 0 rack: null)], epoch=0}}
2024-04-30 23:00:15,798 INFO c.a.J.s.KafkaConsumerService [main] Received data:JournalEntry(userId=d25ef846-17ec-4199-a655-20001, action=User Registration, timestamp=Tue Apr 30 23:00:15 IST 2024) in processJournalEntry
2024-04-30 23:00:15,876 INFO c.a.J.s.KafkaConsumerService [main] Exiting processJournalEntry
2024-04-30 23:08:06,094 INFO c.a.J.s.KafkaConsumerService [main] Received data:JournalEntry(userId=d25ef846-17ec-4199-a655-20001, action=User Registration, timestamp=Tue Apr 30 23:08:06 IST 2024) in processJournalEntry
2024-04-30 23:08:06,100 INFO c.a.J.s.KafkaConsumerService [main] Exiting processJournalEntry
2024-04-30 23:08:52,000 INFO o.a.k.c.NetworkClient [main] [Consumer clientId=consumer-journal-group-1, groupId=journal-group] Node -1 disconnected.
