2024-05-14 06:30:58,249 INFO o.a.k.c.NetworkClient [main] [Consumer clientId=consumer-journal-group-1, groupId=journal-group] Disconnecting from node 0 due to request timeout.
2024-05-14 06:30:58,263 INFO o.a.k.c.NetworkClient [main] [Consumer clientId=consumer-journal-group-1, groupId=journal-group] Cancelled in-flight FETCH request with correlation id 125562 due to node 0 being disconnected (elapsed time since creation: 171634717ms, elapsed time since send: 171634717ms, request timeout: 30000ms)
2024-05-14 06:30:58,264 INFO o.a.k.c.c.i.AbstractCoordinator [kafka-coordinator-heartbeat-thread | journal-group] [Consumer clientId=consumer-journal-group-1, groupId=journal-group] Group coordinator Prince03102020.:9092 (id: 2147483647 rack: null) is unavailable or invalid due to cause: session timed out without receiving a heartbeat response. isDisconnected: false. Rediscovery will be attempted.
2024-05-14 06:30:58,265 INFO o.a.k.c.c.i.AbstractCoordinator [kafka-coordinator-heartbeat-thread | journal-group] [Consumer clientId=consumer-journal-group-1, groupId=journal-group] Requesting disconnect from last known coordinator Prince03102020.:9092 (id: 2147483647 rack: null)
2024-05-14 06:30:58,265 INFO o.a.k.c.NetworkClient [kafka-coordinator-heartbeat-thread | journal-group] [Consumer clientId=consumer-journal-group-1, groupId=journal-group] Client requested disconnect from node 2147483647
2024-05-14 06:30:58,268 INFO o.a.k.c.FetchSessionHandler [main] [Consumer clientId=consumer-journal-group-1, groupId=journal-group] Error sending fetch request (sessionId=80342569, epoch=11869) to node 0:
org.apache.kafka.common.errors.DisconnectException: null
2024-05-14 06:30:58,305 INFO o.a.k.c.c.i.AbstractCoordinator$FindCoordinatorResponseHandler [main] [Consumer clientId=consumer-journal-group-1, groupId=journal-group] Discovered group coordinator Prince03102020.:9092 (id: 2147483647 rack: null)
2024-05-14 06:30:58,305 INFO o.a.k.c.c.i.AbstractCoordinator [main] [Consumer clientId=consumer-journal-group-1, groupId=journal-group] Group coordinator Prince03102020.:9092 (id: 2147483647 rack: null) is unavailable or invalid due to cause: coordinator unavailable. isDisconnected: false. Rediscovery will be attempted.
2024-05-14 06:30:58,306 INFO o.a.k.c.c.i.AbstractCoordinator [main] [Consumer clientId=consumer-journal-group-1, groupId=journal-group] Requesting disconnect from last known coordinator Prince03102020.:9092 (id: 2147483647 rack: null)
2024-05-14 06:30:58,961 INFO o.a.k.c.c.i.AbstractCoordinator$FindCoordinatorResponseHandler [main] [Consumer clientId=consumer-journal-group-1, groupId=journal-group] Discovered group coordinator Prince03102020.:9092 (id: 2147483647 rack: null)
2024-05-14 06:30:58,963 INFO o.a.k.c.c.i.AbstractCoordinator$FindCoordinatorResponseHandler [main] [Consumer clientId=consumer-journal-group-1, groupId=journal-group] Discovered group coordinator Prince03102020.:9092 (id: 2147483647 rack: null)
2024-05-14 06:30:58,964 INFO o.a.k.c.c.i.AbstractCoordinator$FindCoordinatorResponseHandler [main] [Consumer clientId=consumer-journal-group-1, groupId=journal-group] Discovered group coordinator Prince03102020.:9092 (id: 2147483647 rack: null)
2024-05-14 06:30:58,964 INFO o.a.k.c.c.i.AbstractCoordinator$FindCoordinatorResponseHandler [main] [Consumer clientId=consumer-journal-group-1, groupId=journal-group] Discovered group coordinator Prince03102020.:9092 (id: 2147483647 rack: null)
2024-05-14 06:30:58,964 INFO o.a.k.c.c.i.AbstractCoordinator$FindCoordinatorResponseHandler [main] [Consumer clientId=consumer-journal-group-1, groupId=journal-group] Discovered group coordinator Prince03102020.:9092 (id: 2147483647 rack: null)
2024-05-14 06:30:58,965 INFO o.a.k.c.c.i.AbstractCoordinator$FindCoordinatorResponseHandler [main] [Consumer clientId=consumer-journal-group-1, groupId=journal-group] Discovered group coordinator Prince03102020.:9092 (id: 2147483647 rack: null)
2024-05-14 06:30:58,965 INFO o.a.k.c.c.i.AbstractCoordinator$FindCoordinatorResponseHandler [main] [Consumer clientId=consumer-journal-group-1, groupId=journal-group] Discovered group coordinator Prince03102020.:9092 (id: 2147483647 rack: null)
2024-05-14 07:42:25,655 INFO o.a.k.c.NetworkClient [main] [Consumer clientId=consumer-journal-group-1, groupId=journal-group] Disconnecting from node 0 due to request timeout.
2024-05-14 07:42:25,657 INFO o.a.k.c.NetworkClient [main] [Consumer clientId=consumer-journal-group-1, groupId=journal-group] Cancelled in-flight FETCH request with correlation id 127690 due to node 0 being disconnected (elapsed time since creation: 3450740ms, elapsed time since send: 3450740ms, request timeout: 30000ms)
2024-05-14 07:42:25,658 INFO o.a.k.c.c.i.AbstractCoordinator [kafka-coordinator-heartbeat-thread | journal-group] [Consumer clientId=consumer-journal-group-1, groupId=journal-group] Group coordinator Prince03102020.:9092 (id: 2147483647 rack: null) is unavailable or invalid due to cause: session timed out without receiving a heartbeat response. isDisconnected: false. Rediscovery will be attempted.
2024-05-14 07:42:25,658 INFO o.a.k.c.c.i.AbstractCoordinator [kafka-coordinator-heartbeat-thread | journal-group] [Consumer clientId=consumer-journal-group-1, groupId=journal-group] Requesting disconnect from last known coordinator Prince03102020.:9092 (id: 2147483647 rack: null)
2024-05-14 07:42:25,659 INFO o.a.k.c.NetworkClient [kafka-coordinator-heartbeat-thread | journal-group] [Consumer clientId=consumer-journal-group-1, groupId=journal-group] Client requested disconnect from node 2147483647
2024-05-14 07:42:25,658 INFO o.a.k.c.FetchSessionHandler [main] [Consumer clientId=consumer-journal-group-1, groupId=journal-group] Error sending fetch request (sessionId=801852741, epoch=1667) to node 0:
org.apache.kafka.common.errors.DisconnectException: null
2024-05-14 07:42:25,736 INFO o.a.k.c.c.i.AbstractCoordinator$FindCoordinatorResponseHandler [main] [Consumer clientId=consumer-journal-group-1, groupId=journal-group] Discovered group coordinator Prince03102020.:9092 (id: 2147483647 rack: null)
2024-05-14 08:10:28,611 INFO o.a.k.c.NetworkClient [main] [Consumer clientId=consumer-journal-group-1, groupId=journal-group] Disconnecting from node 0 due to request timeout.
2024-05-14 08:10:28,611 INFO o.a.k.c.NetworkClient [main] [Consumer clientId=consumer-journal-group-1, groupId=journal-group] Cancelled in-flight FETCH request with correlation id 128320 due to node 0 being disconnected (elapsed time since creation: 1409018ms, elapsed time since send: 1409018ms, request timeout: 30000ms)
2024-05-14 08:10:28,612 INFO o.a.k.c.c.i.AbstractCoordinator [kafka-coordinator-heartbeat-thread | journal-group] [Consumer clientId=consumer-journal-group-1, groupId=journal-group] Group coordinator Prince03102020.:9092 (id: 2147483647 rack: null) is unavailable or invalid due to cause: session timed out without receiving a heartbeat response. isDisconnected: false. Rediscovery will be attempted.
2024-05-14 08:10:28,612 INFO o.a.k.c.c.i.AbstractCoordinator [kafka-coordinator-heartbeat-thread | journal-group] [Consumer clientId=consumer-journal-group-1, groupId=journal-group] Requesting disconnect from last known coordinator Prince03102020.:9092 (id: 2147483647 rack: null)
2024-05-14 08:10:28,611 INFO o.a.k.c.FetchSessionHandler [main] [Consumer clientId=consumer-journal-group-1, groupId=journal-group] Error sending fetch request (sessionId=2116828481, epoch=492) to node 0:
org.apache.kafka.common.errors.DisconnectException: null
2024-05-14 08:10:28,612 INFO o.a.k.c.NetworkClient [kafka-coordinator-heartbeat-thread | journal-group] [Consumer clientId=consumer-journal-group-1, groupId=journal-group] Client requested disconnect from node 2147483647
2024-05-14 08:10:29,219 INFO o.a.k.c.c.i.AbstractCoordinator$FindCoordinatorResponseHandler [main] [Consumer clientId=consumer-journal-group-1, groupId=journal-group] Discovered group coordinator Prince03102020.:9092 (id: 2147483647 rack: null)
2024-05-14 08:10:29,220 INFO o.a.k.c.c.i.AbstractCoordinator$FindCoordinatorResponseHandler [main] [Consumer clientId=consumer-journal-group-1, groupId=journal-group] Discovered group coordinator Prince03102020.:9092 (id: 2147483647 rack: null)
2024-05-14 08:10:29,221 INFO o.a.k.c.c.i.AbstractCoordinator$FindCoordinatorResponseHandler [main] [Consumer clientId=consumer-journal-group-1, groupId=journal-group] Discovered group coordinator Prince03102020.:9092 (id: 2147483647 rack: null)
2024-05-14 08:10:29,221 INFO o.a.k.c.c.i.AbstractCoordinator$FindCoordinatorResponseHandler [main] [Consumer clientId=consumer-journal-group-1, groupId=journal-group] Discovered group coordinator Prince03102020.:9092 (id: 2147483647 rack: null)
2024-05-14 08:10:29,222 INFO o.a.k.c.c.i.AbstractCoordinator$FindCoordinatorResponseHandler [main] [Consumer clientId=consumer-journal-group-1, groupId=journal-group] Discovered group coordinator Prince03102020.:9092 (id: 2147483647 rack: null)
2024-05-14 08:10:29,222 INFO o.a.k.c.c.i.AbstractCoordinator$FindCoordinatorResponseHandler [main] [Consumer clientId=consumer-journal-group-1, groupId=journal-group] Discovered group coordinator Prince03102020.:9092 (id: 2147483647 rack: null)
2024-05-14 14:43:04,251 INFO o.a.k.c.NetworkClient [main] [Consumer clientId=consumer-journal-group-1, groupId=journal-group] Disconnecting from node 0 due to request timeout.
2024-05-14 14:43:04,258 INFO o.a.k.c.NetworkClient [main] [Consumer clientId=consumer-journal-group-1, groupId=journal-group] Cancelled in-flight FETCH request with correlation id 139594 due to node 0 being disconnected (elapsed time since creation: 19098444ms, elapsed time since send: 19098444ms, request timeout: 30000ms)
2024-05-14 14:43:04,261 INFO o.a.k.c.c.i.AbstractCoordinator [kafka-coordinator-heartbeat-thread | journal-group] [Consumer clientId=consumer-journal-group-1, groupId=journal-group] Group coordinator Prince03102020.:9092 (id: 2147483647 rack: null) is unavailable or invalid due to cause: session timed out without receiving a heartbeat response. isDisconnected: false. Rediscovery will be attempted.
2024-05-14 14:43:04,261 INFO o.a.k.c.c.i.AbstractCoordinator [kafka-coordinator-heartbeat-thread | journal-group] [Consumer clientId=consumer-journal-group-1, groupId=journal-group] Requesting disconnect from last known coordinator Prince03102020.:9092 (id: 2147483647 rack: null)
2024-05-14 14:43:04,262 INFO o.a.k.c.NetworkClient [kafka-coordinator-heartbeat-thread | journal-group] [Consumer clientId=consumer-journal-group-1, groupId=journal-group] Client requested disconnect from node 2147483647
2024-05-14 14:43:04,260 INFO o.a.k.c.FetchSessionHandler [main] [Consumer clientId=consumer-journal-group-1, groupId=journal-group] Error sending fetch request (sessionId=201554233, epoch=8873) to node 0:
org.apache.kafka.common.errors.DisconnectException: null
2024-05-14 14:43:04,367 INFO o.a.k.c.c.i.AbstractCoordinator$FindCoordinatorResponseHandler [main] [Consumer clientId=consumer-journal-group-1, groupId=journal-group] Discovered group coordinator Prince03102020.:9092 (id: 2147483647 rack: null)
2024-05-14 19:32:15,620 INFO o.a.k.c.c.i.AbstractCoordinator [kafka-coordinator-heartbeat-thread | journal-group] [Consumer clientId=consumer-journal-group-1, groupId=journal-group] Group coordinator Prince03102020.:9092 (id: 2147483647 rack: null) is unavailable or invalid due to cause: session timed out without receiving a heartbeat response. isDisconnected: false. Rediscovery will be attempted.
2024-05-14 19:32:15,631 INFO o.a.k.c.c.i.AbstractCoordinator [kafka-coordinator-heartbeat-thread | journal-group] [Consumer clientId=consumer-journal-group-1, groupId=journal-group] Requesting disconnect from last known coordinator Prince03102020.:9092 (id: 2147483647 rack: null)
2024-05-14 19:32:15,637 INFO o.a.k.c.NetworkClient [kafka-coordinator-heartbeat-thread | journal-group] [Consumer clientId=consumer-journal-group-1, groupId=journal-group] Client requested disconnect from node 2147483647
2024-05-14 19:32:15,686 INFO o.a.k.c.c.i.AbstractCoordinator$FindCoordinatorResponseHandler [main] [Consumer clientId=consumer-journal-group-1, groupId=journal-group] Discovered group coordinator Prince03102020.:9092 (id: 2147483647 rack: null)
2024-05-14 19:32:15,692 INFO o.a.k.c.c.i.AbstractCoordinator [main] [Consumer clientId=consumer-journal-group-1, groupId=journal-group] Group coordinator Prince03102020.:9092 (id: 2147483647 rack: null) is unavailable or invalid due to cause: coordinator unavailable. isDisconnected: false. Rediscovery will be attempted.
2024-05-14 19:32:15,692 INFO o.a.k.c.c.i.AbstractCoordinator [main] [Consumer clientId=consumer-journal-group-1, groupId=journal-group] Requesting disconnect from last known coordinator Prince03102020.:9092 (id: 2147483647 rack: null)
2024-05-14 19:32:16,182 INFO o.a.k.c.c.i.AbstractCoordinator$FindCoordinatorResponseHandler [main] [Consumer clientId=consumer-journal-group-1, groupId=journal-group] Discovered group coordinator Prince03102020.:9092 (id: 2147483647 rack: null)
2024-05-14 19:32:16,208 INFO o.a.k.c.c.i.AbstractCoordinator$FindCoordinatorResponseHandler [main] [Consumer clientId=consumer-journal-group-1, groupId=journal-group] Discovered group coordinator Prince03102020.:9092 (id: 2147483647 rack: null)
2024-05-14 19:32:16,208 INFO o.a.k.c.c.i.AbstractCoordinator$FindCoordinatorResponseHandler [kafka-coordinator-heartbeat-thread | journal-group] [Consumer clientId=consumer-journal-group-1, groupId=journal-group] Discovered group coordinator Prince03102020.:9092 (id: 2147483647 rack: null)
2024-05-14 19:32:16,209 INFO o.a.k.c.c.i.AbstractCoordinator$FindCoordinatorResponseHandler [kafka-coordinator-heartbeat-thread | journal-group] [Consumer clientId=consumer-journal-group-1, groupId=journal-group] Discovered group coordinator Prince03102020.:9092 (id: 2147483647 rack: null)
2024-05-14 19:32:16,209 INFO o.a.k.c.c.i.AbstractCoordinator$FindCoordinatorResponseHandler [main] [Consumer clientId=consumer-journal-group-1, groupId=journal-group] Discovered group coordinator Prince03102020.:9092 (id: 2147483647 rack: null)
